|10
|P
 4000 8000 c000 10000 14000 18000 1c000 20000 24000 28000 2c000 30000 34000 38000 3c000
|A 0 2
 T d
|A 1 2
 T b
|P
 14000 18000 1c000 20000 24000 28000 2c000 30000 34000 38000 3c000
|R 0 1
 T c
|R 1 1
 T d
|P
 10000 8000 14000 18000 1c000 20000 24000 28000 2c000 30000 34000 38000 3c000
|A 3 b
 T 2
|R 0 1
 T 3
|P
 4000 38000 3c000
|A 2 4
 F 3
|P
 4000 38000 3c000
|A 2 3
 T 0
|P

|R 1 1
 T 1
|R 3 8
 T 9
|A 2 9
 T 0
|P

|R 2 c
 T c
|P
 4000 38000 3c000 18000 1c000 20000 24000 28000 2c000 30000 34000 c000
|A 3 3
 T 9
|P
 18000 1c000 20000 24000 28000 2c000 30000 34000 c000
|A 0 1
 T 8
|A 1 1
 T 7
|A 2 1
 T 6
|A 3 1
 T 5
|P
 28000 2c000 30000 34000 c000
